{"/home/travis/build/npmtest/node-npmtest-bootstrap-notify/test.js":{"path":"/home/travis/build/npmtest/node-npmtest-bootstrap-notify/test.js","s":{"1":2,"2":2,"3":2,"4":2,"5":2,"6":2,"7":2,"8":1,"9":2,"10":2,"11":1,"12":1,"13":1,"14":1,"15":2,"16":2,"17":2,"18":2,"19":1,"20":1,"21":2,"22":2,"23":2,"24":1,"25":1,"26":1,"27":1,"28":1,"29":1,"30":1,"31":1,"32":1,"33":1,"34":1,"35":1,"36":1,"37":1,"38":1,"39":2,"40":2,"41":1,"42":2,"43":2,"44":1,"45":2,"46":2,"47":1,"48":2,"49":2,"50":1,"51":1,"52":1,"53":1,"54":1},"b":{"1":[2,1,1,1],"2":[1,1,1,1],"3":[1,1],"4":[1,1],"5":[1,1],"6":[1,1],"7":[1,1],"8":[1,1],"9":[1,1],"10":[1,1,1],"11":[1,1],"12":[1,1],"13":[1,1],"14":[1,1],"15":[1,1],"16":[1,1],"17":[1,1]},"f":{"1":2,"2":2,"3":2,"4":2,"5":2,"6":1,"7":1,"8":1,"9":2,"10":2,"11":2,"12":2,"13":1},"fnMap":{"1":{"name":"(anonymous_1)","line":12,"loc":{"start":{"line":12,"column":1},"end":{"line":12,"column":13}}},"2":{"name":"(anonymous_2)","line":19,"loc":{"start":{"line":19,"column":5},"end":{"line":19,"column":17}}},"3":{"name":"(anonymous_3)","line":23,"loc":{"start":{"line":23,"column":24},"end":{"line":23,"column":36}}},"4":{"name":"(anonymous_4)","line":61,"loc":{"start":{"line":61,"column":5},"end":{"line":61,"column":17}}},"5":{"name":"(anonymous_5)","line":82,"loc":{"start":{"line":82,"column":5},"end":{"line":82,"column":17}}},"6":{"name":"(anonymous_6)","line":91,"loc":{"start":{"line":91,"column":77},"end":{"line":94,"column":10}}},"7":{"name":"(anonymous_7)","line":112,"loc":{"start":{"line":112,"column":83},"end":{"line":115,"column":10}},"skip":true},"8":{"name":"(anonymous_8)","line":123,"loc":{"start":{"line":123,"column":77},"end":{"line":126,"column":10}},"skip":true},"9":{"name":"(anonymous_9)","line":139,"loc":{"start":{"line":139,"column":12},"end":{"line":139,"column":40}},"skip":true},"10":{"name":"(anonymous_10)","line":147,"loc":{"start":{"line":147,"column":77},"end":{"line":150,"column":10}},"skip":true},"11":{"name":"(anonymous_11)","line":158,"loc":{"start":{"line":158,"column":83},"end":{"line":161,"column":10}},"skip":true},"12":{"name":"(anonymous_12)","line":169,"loc":{"start":{"line":169,"column":79},"end":{"line":172,"column":10}},"skip":true},"13":{"name":"(anonymous_13)","line":180,"loc":{"start":{"line":180,"column":75},"end":{"line":183,"column":10}},"skip":true}},"statementMap":{"1":{"start":{"line":12,"column":0},"end":{"line":195,"column":5}},"2":{"start":{"line":14,"column":4},"end":{"line":14,"column":14}},"3":{"start":{"line":19,"column":4},"end":{"line":56,"column":9}},"4":{"start":{"line":21,"column":8},"end":{"line":21,"column":19}},"5":{"start":{"line":23,"column":8},"end":{"line":35,"column":13}},"6":{"start":{"line":24,"column":12},"end":{"line":34,"column":13}},"7":{"start":{"line":25,"column":16},"end":{"line":28,"column":30}},"8":{"start":{"line":30,"column":16},"end":{"line":33,"column":27}},"9":{"start":{"line":37,"column":8},"end":{"line":39,"column":21}},"10":{"start":{"line":40,"column":8},"end":{"line":53,"column":9}},"11":{"start":{"line":43,"column":12},"end":{"line":46,"column":14}},"12":{"start":{"line":47,"column":12},"end":{"line":47,"column":18}},"13":{"start":{"line":50,"column":12},"end":{"line":51,"column":46}},"14":{"start":{"line":52,"column":12},"end":{"line":52,"column":18}},"15":{"start":{"line":55,"column":8},"end":{"line":55,"column":35}},"16":{"start":{"line":61,"column":4},"end":{"line":63,"column":9}},"17":{"start":{"line":62,"column":8},"end":{"line":62,"column":15}},"18":{"start":{"line":64,"column":4},"end":{"line":77,"column":5}},"19":{"start":{"line":70,"column":8},"end":{"line":70,"column":14}},"20":{"start":{"line":76,"column":8},"end":{"line":76,"column":14}},"21":{"start":{"line":82,"column":4},"end":{"line":84,"column":9}},"22":{"start":{"line":83,"column":8},"end":{"line":83,"column":15}},"23":{"start":{"line":85,"column":4},"end":{"line":194,"column":5}},"24":{"start":{"line":91,"column":8},"end":{"line":99,"column":10}},"25":{"start":{"line":98,"column":12},"end":{"line":98,"column":35}},"26":{"start":{"line":102,"column":8},"end":{"line":104,"column":63}},"27":{"start":{"line":105,"column":8},"end":{"line":105,"column":14}},"28":{"start":{"line":112,"column":8},"end":{"line":121,"column":10},"skip":true},"29":{"start":{"line":119,"column":12},"end":{"line":119,"column":55},"skip":true},"30":{"start":{"line":120,"column":12},"end":{"line":120,"column":48},"skip":true},"31":{"start":{"line":123,"column":8},"end":{"line":136,"column":10},"skip":true},"32":{"start":{"line":130,"column":12},"end":{"line":130,"column":76},"skip":true},"33":{"start":{"line":131,"column":12},"end":{"line":131,"column":73},"skip":true},"34":{"start":{"line":132,"column":12},"end":{"line":132,"column":74},"skip":true},"35":{"start":{"line":133,"column":12},"end":{"line":133,"column":79},"skip":true},"36":{"start":{"line":134,"column":12},"end":{"line":134,"column":25},"skip":true},"37":{"start":{"line":135,"column":12},"end":{"line":135,"column":45},"skip":true},"38":{"start":{"line":138,"column":8},"end":{"line":145,"column":14},"skip":true},"39":{"start":{"line":143,"column":16},"end":{"line":143,"column":29},"skip":true},"40":{"start":{"line":144,"column":16},"end":{"line":144,"column":55},"skip":true},"41":{"start":{"line":147,"column":8},"end":{"line":156,"column":10},"skip":true},"42":{"start":{"line":154,"column":12},"end":{"line":154,"column":25},"skip":true},"43":{"start":{"line":155,"column":12},"end":{"line":155,"column":45},"skip":true},"44":{"start":{"line":158,"column":8},"end":{"line":167,"column":10},"skip":true},"45":{"start":{"line":165,"column":12},"end":{"line":165,"column":25},"skip":true},"46":{"start":{"line":166,"column":12},"end":{"line":166,"column":48},"skip":true},"47":{"start":{"line":169,"column":8},"end":{"line":178,"column":10},"skip":true},"48":{"start":{"line":176,"column":12},"end":{"line":176,"column":25},"skip":true},"49":{"start":{"line":177,"column":12},"end":{"line":177,"column":46},"skip":true},"50":{"start":{"line":180,"column":8},"end":{"line":189,"column":10},"skip":true},"51":{"start":{"line":187,"column":12},"end":{"line":187,"column":94},"skip":true},"52":{"start":{"line":188,"column":12},"end":{"line":188,"column":48},"skip":true},"53":{"start":{"line":192,"column":8},"end":{"line":192,"column":35},"skip":true},"54":{"start":{"line":193,"column":8},"end":{"line":193,"column":14},"skip":true}},"branchMap":{"1":{"line":25,"type":"binary-expr","locations":[{"start":{"line":25,"column":23},"end":{"line":25,"column":62}},{"start":{"line":26,"column":20},"end":{"line":26,"column":70}},{"start":{"line":27,"column":20},"end":{"line":27,"column":71}},{"start":{"line":28,"column":20},"end":{"line":28,"column":29}}]},"2":{"line":30,"type":"binary-expr","locations":[{"start":{"line":30,"column":23},"end":{"line":30,"column":37}},{"start":{"line":31,"column":20},"end":{"line":31,"column":61}},{"start":{"line":32,"column":20},"end":{"line":32,"column":70}},{"start":{"line":33,"column":20},"end":{"line":33,"column":26}}]},"3":{"line":37,"type":"cond-expr","locations":[{"start":{"line":38,"column":14},"end":{"line":38,"column":20}},{"start":{"line":39,"column":14},"end":{"line":39,"column":20}}]},"4":{"line":40,"type":"switch","locations":[{"start":{"line":42,"column":8},"end":{"line":47,"column":18}},{"start":{"line":49,"column":8},"end":{"line":52,"column":18}}]},"5":{"line":44,"type":"binary-expr","locations":[{"start":{"line":44,"column":16},"end":{"line":44,"column":44}},{"start":{"line":44,"column":48},"end":{"line":44,"column":66}}]},"6":{"line":50,"type":"binary-expr","locations":[{"start":{"line":50,"column":21},"end":{"line":50,"column":49}},{"start":{"line":50,"column":53},"end":{"line":50,"column":72}}]},"7":{"line":64,"type":"switch","locations":[{"start":{"line":69,"column":4},"end":{"line":70,"column":14}},{"start":{"line":75,"column":4},"end":{"line":76,"column":14}}]},"8":{"line":85,"type":"switch","locations":[{"start":{"line":90,"column":4},"end":{"line":105,"column":14}},{"start":{"line":111,"column":4},"end":{"line":193,"column":14},"skip":true}]},"9":{"line":91,"type":"binary-expr","locations":[{"start":{"line":91,"column":42},"end":{"line":91,"column":73}},{"start":{"line":91,"column":77},"end":{"line":99,"column":9}}]},"10":{"line":102,"type":"binary-expr","locations":[{"start":{"line":102,"column":18},"end":{"line":102,"column":32}},{"start":{"line":103,"column":12},"end":{"line":103,"column":53}},{"start":{"line":104,"column":12},"end":{"line":104,"column":61}}]},"11":{"line":112,"type":"binary-expr","locations":[{"start":{"line":112,"column":45},"end":{"line":112,"column":79},"skip":true},{"start":{"line":112,"column":83},"end":{"line":121,"column":9},"skip":true}]},"12":{"line":123,"type":"binary-expr","locations":[{"start":{"line":123,"column":42},"end":{"line":123,"column":73},"skip":true},{"start":{"line":123,"column":77},"end":{"line":136,"column":9},"skip":true}]},"13":{"line":138,"type":"binary-expr","locations":[{"start":{"line":138,"column":48},"end":{"line":138,"column":85},"skip":true},{"start":{"line":139,"column":12},"end":{"line":145,"column":13},"skip":true}]},"14":{"line":147,"type":"binary-expr","locations":[{"start":{"line":147,"column":42},"end":{"line":147,"column":73},"skip":true},{"start":{"line":147,"column":77},"end":{"line":156,"column":9},"skip":true}]},"15":{"line":158,"type":"binary-expr","locations":[{"start":{"line":158,"column":45},"end":{"line":158,"column":79},"skip":true},{"start":{"line":158,"column":83},"end":{"line":167,"column":9},"skip":true}]},"16":{"line":169,"type":"binary-expr","locations":[{"start":{"line":169,"column":43},"end":{"line":169,"column":75},"skip":true},{"start":{"line":169,"column":79},"end":{"line":178,"column":9},"skip":true}]},"17":{"line":180,"type":"binary-expr","locations":[{"start":{"line":180,"column":41},"end":{"line":180,"column":71},"skip":true},{"start":{"line":180,"column":75},"end":{"line":189,"column":9},"skip":true}]}},"code":["/* istanbul instrument in package npmtest_bootstrap_notify */","/*jslint","    bitwise: true,","    browser: true,","    maxerr: 8,","    maxlen: 96,","    node: true,","    nomen: true,","    regexp: true,","    stupid: true","*/","(function () {","    'use strict';","    var local;","","","","    // run shared js-env code - pre-init","    (function () {","        // init local","        local = {};","        // init modeJs","        local.modeJs = (function () {","            try {","                return typeof navigator.userAgent === 'string' &&","                    typeof document.querySelector('body') === 'object' &&","                    typeof XMLHttpRequest.prototype.open === 'function' &&","                    'browser';","            } catch (errorCaughtBrowser) {","                return module.exports &&","                    typeof process.versions.node === 'string' &&","                    typeof require('http').createServer === 'function' &&","                    'node';","            }","        }());","        // init global","        local.global = local.modeJs === 'browser'","            ? window","            : global;","        switch (local.modeJs) {","        // re-init local from window.local","        case 'browser':","            local = local.global.utility2.objectSetDefault(","                local.global.utility2_rollup || local.global.local,","                local.global.utility2","            );","            break;","        // re-init local from example.js","        case 'node':","            local = (local.global.utility2_rollup || require('utility2'))","                .requireExampleJsFromReadme();","            break;","        }","        // export local","        local.global.local = local;","    }());","","","","    // run shared js-env code - function","    (function () {","        return;","    }());","    switch (local.modeJs) {","","","","    // run browser js-env code - function","    case 'browser':","        break;","","","","    // run node js-env code - function","    case 'node':","        break;","    }","","","","    // run shared js-env code - post-init","    (function () {","        return;","    }());","    switch (local.modeJs) {","","","","    // run browser js-env code - post-init","    case 'browser':","        local.testCase_browser_nullCase = local.testCase_browser_nullCase || function (","            options,","            onError","        ) {","        /*","         * this function will test browsers's null-case handling-behavior-behavior","         */","            onError(null, options);","        };","","        // run tests","        local.nop(local.modeTest &&","            document.querySelector('#testRunButton1') &&","            document.querySelector('#testRunButton1').click());","        break;","","","","    // run node js-env code - post-init","    /* istanbul ignore next */","    case 'node':","        local.testCase_buildApidoc_default = local.testCase_buildApidoc_default || function (","            options,","            onError","        ) {","        /*","         * this function will test buildApidoc's default handling-behavior-behavior","         */","            options = { modulePathList: module.paths };","            local.buildApidoc(options, onError);","        };","","        local.testCase_buildApp_default = local.testCase_buildApp_default || function (","            options,","            onError","        ) {","        /*","         * this function will test buildApp's default handling-behavior-behavior","         */","            local.testCase_buildReadme_default(options, local.onErrorThrow);","            local.testCase_buildLib_default(options, local.onErrorThrow);","            local.testCase_buildTest_default(options, local.onErrorThrow);","            local.testCase_buildCustomOrg_default(options, local.onErrorThrow);","            options = [];","            local.buildApp(options, onError);","        };","","        local.testCase_buildCustomOrg_default = local.testCase_buildCustomOrg_default ||","            function (options, onError) {","            /*","             * this function will test buildCustomOrg's default handling-behavior","             */","                options = {};","                local.buildCustomOrg(options, onError);","            };","","        local.testCase_buildLib_default = local.testCase_buildLib_default || function (","            options,","            onError","        ) {","        /*","         * this function will test buildLib's default handling-behavior","         */","            options = {};","            local.buildLib(options, onError);","        };","","        local.testCase_buildReadme_default = local.testCase_buildReadme_default || function (","            options,","            onError","        ) {","        /*","         * this function will test buildReadme's default handling-behavior-behavior","         */","            options = {};","            local.buildReadme(options, onError);","        };","","        local.testCase_buildTest_default = local.testCase_buildTest_default || function (","            options,","            onError","        ) {","        /*","         * this function will test buildTest's default handling-behavior","         */","            options = {};","            local.buildTest(options, onError);","        };","","        local.testCase_webpage_default = local.testCase_webpage_default || function (","            options,","            onError","        ) {","        /*","         * this function will test webpage's default handling-behavior","         */","            options = { modeCoverageMerge: true, url: local.serverLocalHost + '?modeTest=1' };","            local.browserTest(options, onError);","        };","","        // run test-server","        local.testRunServer(local);","        break;","    }","}());",""],"l":{"12":2,"14":2,"19":2,"21":2,"23":2,"24":2,"25":2,"30":1,"37":2,"40":2,"43":1,"47":1,"50":1,"52":1,"55":2,"61":2,"62":2,"64":2,"70":1,"76":1,"82":2,"83":2,"85":2,"91":1,"98":1,"102":1,"105":1,"112":1,"119":1,"120":1,"123":1,"130":1,"131":1,"132":1,"133":1,"134":1,"135":1,"138":1,"143":2,"144":2,"147":1,"154":2,"155":2,"158":1,"165":2,"166":2,"169":1,"176":2,"177":2,"180":1,"187":1,"188":1,"192":1,"193":1}},"/home/travis/build/npmtest/node-npmtest-bootstrap-notify/lib.npmtest_bootstrap_notify.js":{"path":"/home/travis/build/npmtest/node-npmtest-bootstrap-notify/lib.npmtest_bootstrap_notify.js","s":{"1":2,"2":2,"3":2,"4":2,"5":2,"6":2,"7":2,"8":1,"9":2,"10":2,"11":2,"12":2,"13":1,"14":1,"15":1,"16":1},"b":{"1":[2,1,1,1],"2":[1,1,1,1],"3":[1,1],"4":[2,2],"5":[1,1]},"f":{"1":2,"2":2,"3":2},"fnMap":{"1":{"name":"(anonymous_1)","line":12,"loc":{"start":{"line":12,"column":1},"end":{"line":12,"column":13}}},"2":{"name":"(anonymous_2)","line":19,"loc":{"start":{"line":19,"column":5},"end":{"line":19,"column":17}}},"3":{"name":"(anonymous_3)","line":23,"loc":{"start":{"line":23,"column":24},"end":{"line":23,"column":36}}}},"statementMap":{"1":{"start":{"line":12,"column":0},"end":{"line":53,"column":5}},"2":{"start":{"line":14,"column":4},"end":{"line":14,"column":14}},"3":{"start":{"line":19,"column":4},"end":{"line":52,"column":9}},"4":{"start":{"line":21,"column":8},"end":{"line":21,"column":19}},"5":{"start":{"line":23,"column":8},"end":{"line":35,"column":13}},"6":{"start":{"line":24,"column":12},"end":{"line":34,"column":13}},"7":{"start":{"line":25,"column":16},"end":{"line":28,"column":30}},"8":{"start":{"line":30,"column":16},"end":{"line":33,"column":27}},"9":{"start":{"line":37,"column":8},"end":{"line":39,"column":21}},"10":{"start":{"line":41,"column":8},"end":{"line":41,"column":54}},"11":{"start":{"line":43,"column":8},"end":{"line":43,"column":61}},"12":{"start":{"line":45,"column":8},"end":{"line":51,"column":9}},"13":{"start":{"line":46,"column":12},"end":{"line":46,"column":67}},"14":{"start":{"line":48,"column":12},"end":{"line":48,"column":35}},"15":{"start":{"line":49,"column":12},"end":{"line":49,"column":49}},"16":{"start":{"line":50,"column":12},"end":{"line":50,"column":43}}},"branchMap":{"1":{"line":25,"type":"binary-expr","locations":[{"start":{"line":25,"column":23},"end":{"line":25,"column":62}},{"start":{"line":26,"column":20},"end":{"line":26,"column":70}},{"start":{"line":27,"column":20},"end":{"line":27,"column":71}},{"start":{"line":28,"column":20},"end":{"line":28,"column":29}}]},"2":{"line":30,"type":"binary-expr","locations":[{"start":{"line":30,"column":23},"end":{"line":30,"column":37}},{"start":{"line":31,"column":20},"end":{"line":31,"column":61}},{"start":{"line":32,"column":20},"end":{"line":32,"column":70}},{"start":{"line":33,"column":20},"end":{"line":33,"column":26}}]},"3":{"line":37,"type":"cond-expr","locations":[{"start":{"line":38,"column":14},"end":{"line":38,"column":20}},{"start":{"line":39,"column":14},"end":{"line":39,"column":20}}]},"4":{"line":41,"type":"binary-expr","locations":[{"start":{"line":41,"column":16},"end":{"line":41,"column":44}},{"start":{"line":41,"column":48},"end":{"line":41,"column":53}}]},"5":{"line":45,"type":"if","locations":[{"start":{"line":45,"column":8},"end":{"line":45,"column":8}},{"start":{"line":45,"column":8},"end":{"line":45,"column":8}}]}},"code":["/* istanbul instrument in package npmtest_bootstrap_notify */","/*jslint","    bitwise: true,","    browser: true,","    maxerr: 8,","    maxlen: 96,","    node: true,","    nomen: true,","    regexp: true,","    stupid: true","*/","(function () {","    'use strict';","    var local;","","","","    // run shared js-env code - pre-init","    (function () {","        // init local","        local = {};","        // init modeJs","        local.modeJs = (function () {","            try {","                return typeof navigator.userAgent === 'string' &&","                    typeof document.querySelector('body') === 'object' &&","                    typeof XMLHttpRequest.prototype.open === 'function' &&","                    'browser';","            } catch (errorCaughtBrowser) {","                return module.exports &&","                    typeof process.versions.node === 'string' &&","                    typeof require('http').createServer === 'function' &&","                    'node';","            }","        }());","        // init global","        local.global = local.modeJs === 'browser'","            ? window","            : global;","        // init utility2_rollup","        local = local.global.utility2_rollup || local;","        // init lib","        local.local = local.npmtest_bootstrap_notify = local;","        // init exports","        if (local.modeJs === 'browser') {","            local.global.utility2_npmtest_bootstrap_notify = local;","        } else {","            module.exports = local;","            module.exports.__dirname = __dirname;","            module.exports.module = module;","        }","    }());","}());",""],"l":{"12":2,"14":2,"19":2,"21":2,"23":2,"24":2,"25":2,"30":1,"37":2,"41":2,"43":2,"45":2,"46":1,"48":1,"49":1,"50":1}},"/home/travis/build/npmtest/node-npmtest-bootstrap-notify/example.js":{"path":"/home/travis/build/npmtest/node-npmtest-bootstrap-notify/example.js","s":{"1":2,"2":2,"3":2,"4":2,"5":2,"6":2,"7":2,"8":1,"9":2,"10":2,"11":2,"12":2,"13":1,"14":2,"15":2,"16":2,"17":2,"18":2,"19":0,"20":2,"21":1,"22":1,"23":1,"24":1,"25":1,"26":0,"27":0,"28":1,"29":1,"30":2,"31":0,"32":0,"33":0,"34":1,"35":2,"36":2,"37":3,"38":3,"39":3,"40":3,"41":0,"42":3,"43":3,"44":3,"45":1,"46":3,"47":1,"48":1,"49":1,"50":1,"51":1,"52":1,"53":1,"54":1,"55":1,"56":1,"57":0,"58":1,"59":6,"60":6,"61":1,"62":2,"63":0,"64":2,"65":1,"66":1,"67":0,"68":0,"69":0,"70":0,"71":0,"72":0,"73":0,"74":0,"75":0,"76":0,"77":0,"78":0,"79":0,"80":0,"81":0,"82":0,"83":0},"b":{"1":[2,1,1,1],"2":[1,1,1,1],"3":[1,1],"4":[2,2],"5":[1,1],"6":[1,1],"7":[2,0],"8":[2,1,1,1,1,1],"9":[0,2,0],"10":[1,1],"11":[2,1,1],"12":[1,0],"13":[0,2],"14":[2,0,0,0,0,0,0],"15":[0,3],"16":[3,0],"17":[1,1],"18":[0,1],"19":[1,2,0,2],"20":[1,0],"21":[1,1],"22":[0,0],"23":[0,0],"24":[0,0],"25":[0,0],"26":[0,0],"27":[0,0],"28":[0,0]},"f":{"1":2,"2":2,"3":2,"4":2,"5":2,"6":2,"7":3,"8":3,"9":3,"10":1,"11":6,"12":0},"fnMap":{"1":{"name":"(anonymous_1)","line":26,"loc":{"start":{"line":26,"column":1},"end":{"line":26,"column":13}}},"2":{"name":"(anonymous_2)","line":33,"loc":{"start":{"line":33,"column":5},"end":{"line":33,"column":17}}},"3":{"name":"(anonymous_3)","line":37,"loc":{"start":{"line":37,"column":24},"end":{"line":37,"column":36}}},"4":{"name":"(anonymous_4)","line":69,"loc":{"start":{"line":69,"column":31},"end":{"line":69,"column":48}},"skip":true},"5":{"name":"(anonymous_5)","line":78,"loc":{"start":{"line":78,"column":26},"end":{"line":78,"column":45}},"skip":true},"6":{"name":"(anonymous_6)","line":123,"loc":{"start":{"line":123,"column":33},"end":{"line":123,"column":48}},"skip":true},"7":{"name":"(anonymous_7)","line":125,"loc":{"start":{"line":125,"column":27},"end":{"line":125,"column":39}},"skip":true},"8":{"name":"(anonymous_8)","line":133,"loc":{"start":{"line":133,"column":59},"end":{"line":133,"column":74}},"skip":true},"9":{"name":"(anonymous_9)","line":143,"loc":{"start":{"line":143,"column":45},"end":{"line":143,"column":62}},"skip":true},"10":{"name":"(anonymous_10)","line":144,"loc":{"start":{"line":144,"column":73},"end":{"line":144,"column":92}},"skip":true},"11":{"name":"(anonymous_11)","line":272,"loc":{"start":{"line":272,"column":51},"end":{"line":272,"column":77}},"skip":true},"12":{"name":"(anonymous_12)","line":315,"loc":{"start":{"line":315,"column":32},"end":{"line":315,"column":61}},"skip":true}},"statementMap":{"1":{"start":{"line":26,"column":0},"end":{"line":326,"column":5}},"2":{"start":{"line":28,"column":4},"end":{"line":28,"column":14}},"3":{"start":{"line":33,"column":4},"end":{"line":60,"column":9}},"4":{"start":{"line":35,"column":8},"end":{"line":35,"column":19}},"5":{"start":{"line":37,"column":8},"end":{"line":49,"column":13}},"6":{"start":{"line":38,"column":12},"end":{"line":48,"column":13}},"7":{"start":{"line":39,"column":16},"end":{"line":42,"column":30}},"8":{"start":{"line":44,"column":16},"end":{"line":47,"column":27}},"9":{"start":{"line":51,"column":8},"end":{"line":53,"column":21}},"10":{"start":{"line":55,"column":8},"end":{"line":57,"column":45}},"11":{"start":{"line":59,"column":8},"end":{"line":59,"column":35}},"12":{"start":{"line":61,"column":4},"end":{"line":325,"column":5}},"13":{"start":{"line":69,"column":8},"end":{"line":121,"column":10},"skip":true},"14":{"start":{"line":70,"column":12},"end":{"line":88,"column":13},"skip":true},"15":{"start":{"line":76,"column":16},"end":{"line":87,"column":19},"skip":true},"16":{"start":{"line":79,"column":20},"end":{"line":86,"column":21},"skip":true},"17":{"start":{"line":82,"column":24},"end":{"line":82,"column":43},"skip":true},"18":{"start":{"line":83,"column":24},"end":{"line":83,"column":30},"skip":true},"19":{"start":{"line":85,"column":24},"end":{"line":85,"column":49},"skip":true},"20":{"start":{"line":89,"column":12},"end":{"line":107,"column":13},"skip":true},"21":{"start":{"line":92,"column":16},"end":{"line":102,"column":17},"skip":true},"22":{"start":{"line":93,"column":20},"end":{"line":93,"column":86},"skip":true},"23":{"start":{"line":94,"column":20},"end":{"line":95,"column":45},"skip":true},"24":{"start":{"line":96,"column":20},"end":{"line":96,"column":42},"skip":true},"25":{"start":{"line":97,"column":20},"end":{"line":97,"column":48},"skip":true},"26":{"start":{"line":100,"column":20},"end":{"line":100,"column":85},"skip":true},"27":{"start":{"line":101,"column":20},"end":{"line":101,"column":96},"skip":true},"28":{"start":{"line":103,"column":16},"end":{"line":103,"column":22},"skip":true},"29":{"start":{"line":106,"column":16},"end":{"line":106,"column":22},"skip":true},"30":{"start":{"line":108,"column":12},"end":{"line":120,"column":13},"skip":true},"31":{"start":{"line":114,"column":16},"end":{"line":119,"column":17},"skip":true},"32":{"start":{"line":116,"column":20},"end":{"line":116,"column":78},"skip":true},"33":{"start":{"line":118,"column":20},"end":{"line":118,"column":47},"skip":true},"34":{"start":{"line":123,"column":8},"end":{"line":141,"column":11},"skip":true},"35":{"start":{"line":124,"column":12},"end":{"line":124,"column":54},"skip":true},"36":{"start":{"line":125,"column":12},"end":{"line":140,"column":14},"skip":true},"37":{"start":{"line":126,"column":16},"end":{"line":126,"column":28},"skip":true},"38":{"start":{"line":127,"column":16},"end":{"line":127,"column":69},"skip":true},"39":{"start":{"line":128,"column":16},"end":{"line":128,"column":75},"skip":true},"40":{"start":{"line":129,"column":16},"end":{"line":131,"column":17},"skip":true},"41":{"start":{"line":130,"column":20},"end":{"line":130,"column":27},"skip":true},"42":{"start":{"line":133,"column":16},"end":{"line":137,"column":36},"skip":true},"43":{"start":{"line":134,"column":20},"end":{"line":136,"column":55},"skip":true},"44":{"start":{"line":139,"column":16},"end":{"line":139,"column":57},"skip":true},"45":{"start":{"line":143,"column":8},"end":{"line":147,"column":11},"skip":true},"46":{"start":{"line":144,"column":12},"end":{"line":146,"column":15},"skip":true},"47":{"start":{"line":145,"column":16},"end":{"line":145,"column":70},"skip":true},"48":{"start":{"line":149,"column":8},"end":{"line":149,"column":31},"skip":true},"49":{"start":{"line":150,"column":8},"end":{"line":150,"column":14},"skip":true},"50":{"start":{"line":158,"column":8},"end":{"line":158,"column":31},"skip":true},"51":{"start":{"line":160,"column":8},"end":{"line":160,"column":33},"skip":true},"52":{"start":{"line":161,"column":8},"end":{"line":161,"column":37},"skip":true},"53":{"start":{"line":162,"column":8},"end":{"line":162,"column":35},"skip":true},"54":{"start":{"line":164,"column":8},"end":{"line":164,"column":50},"skip":true},"55":{"start":{"line":166,"column":8},"end":{"line":256,"column":2},"skip":true},"56":{"start":{"line":258,"column":8},"end":{"line":286,"column":9},"skip":true},"57":{"start":{"line":259,"column":12},"end":{"line":269,"column":14},"skip":true},"58":{"start":{"line":271,"column":12},"end":{"line":285,"column":19},"skip":true},"59":{"start":{"line":274,"column":20},"end":{"line":274,"column":35},"skip":true},"60":{"start":{"line":275,"column":20},"end":{"line":284,"column":21},"skip":true},"61":{"start":{"line":277,"column":24},"end":{"line":277,"column":64},"skip":true},"62":{"start":{"line":279,"column":24},"end":{"line":279,"column":40},"skip":true},"63":{"start":{"line":281,"column":24},"end":{"line":281,"column":40},"skip":true},"64":{"start":{"line":283,"column":24},"end":{"line":283,"column":39},"skip":true},"65":{"start":{"line":288,"column":8},"end":{"line":290,"column":9},"skip":true},"66":{"start":{"line":289,"column":12},"end":{"line":289,"column":18},"skip":true},"67":{"start":{"line":291,"column":8},"end":{"line":293,"column":54},"skip":true},"68":{"start":{"line":296,"column":8},"end":{"line":301,"column":37},"skip":true},"69":{"start":{"line":303,"column":8},"end":{"line":303,"column":82},"skip":true},"70":{"start":{"line":306,"column":8},"end":{"line":308,"column":9},"skip":true},"71":{"start":{"line":307,"column":12},"end":{"line":307,"column":82},"skip":true},"72":{"start":{"line":310,"column":8},"end":{"line":312,"column":9},"skip":true},"73":{"start":{"line":311,"column":12},"end":{"line":311,"column":18},"skip":true},"74":{"start":{"line":313,"column":8},"end":{"line":313,"column":54},"skip":true},"75":{"start":{"line":314,"column":8},"end":{"line":314,"column":69},"skip":true},"76":{"start":{"line":315,"column":8},"end":{"line":323,"column":36},"skip":true},"77":{"start":{"line":316,"column":12},"end":{"line":316,"column":61},"skip":true},"78":{"start":{"line":317,"column":12},"end":{"line":320,"column":13},"skip":true},"79":{"start":{"line":318,"column":16},"end":{"line":318,"column":75},"skip":true},"80":{"start":{"line":319,"column":16},"end":{"line":319,"column":23},"skip":true},"81":{"start":{"line":321,"column":12},"end":{"line":321,"column":38},"skip":true},"82":{"start":{"line":322,"column":12},"end":{"line":322,"column":27},"skip":true},"83":{"start":{"line":324,"column":8},"end":{"line":324,"column":14},"skip":true}},"branchMap":{"1":{"line":39,"type":"binary-expr","locations":[{"start":{"line":39,"column":23},"end":{"line":39,"column":62}},{"start":{"line":40,"column":20},"end":{"line":40,"column":70}},{"start":{"line":41,"column":20},"end":{"line":41,"column":71}},{"start":{"line":42,"column":20},"end":{"line":42,"column":29}}]},"2":{"line":44,"type":"binary-expr","locations":[{"start":{"line":44,"column":23},"end":{"line":44,"column":37}},{"start":{"line":45,"column":20},"end":{"line":45,"column":61}},{"start":{"line":46,"column":20},"end":{"line":46,"column":70}},{"start":{"line":47,"column":20},"end":{"line":47,"column":26}}]},"3":{"line":51,"type":"cond-expr","locations":[{"start":{"line":52,"column":14},"end":{"line":52,"column":20}},{"start":{"line":53,"column":14},"end":{"line":53,"column":20}}]},"4":{"line":55,"type":"binary-expr","locations":[{"start":{"line":55,"column":16},"end":{"line":55,"column":44}},{"start":{"line":55,"column":49},"end":{"line":57,"column":43}}]},"5":{"line":55,"type":"cond-expr","locations":[{"start":{"line":56,"column":14},"end":{"line":56,"column":60}},{"start":{"line":57,"column":14},"end":{"line":57,"column":43}}]},"6":{"line":61,"type":"switch","locations":[{"start":{"line":68,"column":4},"end":{"line":150,"column":14},"skip":true},{"start":{"line":156,"column":4},"end":{"line":324,"column":14},"skip":true}]},"7":{"line":70,"type":"if","locations":[{"start":{"line":70,"column":12},"end":{"line":70,"column":12},"skip":true},{"start":{"line":70,"column":12},"end":{"line":70,"column":12},"skip":true}]},"8":{"line":70,"type":"binary-expr","locations":[{"start":{"line":70,"column":16},"end":{"line":70,"column":22},"skip":true},{"start":{"line":70,"column":27},"end":{"line":70,"column":32},"skip":true},{"start":{"line":71,"column":20},"end":{"line":71,"column":39},"skip":true},{"start":{"line":72,"column":20},"end":{"line":72,"column":49},"skip":true},{"start":{"line":73,"column":20},"end":{"line":73,"column":58},"skip":true},{"start":{"line":74,"column":20},"end":{"line":74,"column":69},"skip":true}]},"9":{"line":79,"type":"switch","locations":[{"start":{"line":80,"column":20},"end":{"line":80,"column":33},"skip":true},{"start":{"line":81,"column":20},"end":{"line":83,"column":30},"skip":true},{"start":{"line":84,"column":20},"end":{"line":85,"column":49},"skip":true}]},"10":{"line":89,"type":"switch","locations":[{"start":{"line":90,"column":12},"end":{"line":103,"column":22},"skip":true},{"start":{"line":105,"column":12},"end":{"line":106,"column":22},"skip":true}]},"11":{"line":89,"type":"binary-expr","locations":[{"start":{"line":89,"column":20},"end":{"line":89,"column":25},"skip":true},{"start":{"line":89,"column":29},"end":{"line":89,"column":48},"skip":true},{"start":{"line":89,"column":52},"end":{"line":89,"column":74},"skip":true}]},"12":{"line":92,"type":"if","locations":[{"start":{"line":92,"column":16},"end":{"line":92,"column":16},"skip":true},{"start":{"line":92,"column":16},"end":{"line":92,"column":16},"skip":true}]},"13":{"line":108,"type":"if","locations":[{"start":{"line":108,"column":12},"end":{"line":108,"column":12},"skip":true},{"start":{"line":108,"column":12},"end":{"line":108,"column":12},"skip":true}]},"14":{"line":108,"type":"binary-expr","locations":[{"start":{"line":108,"column":16},"end":{"line":108,"column":61},"skip":true},{"start":{"line":108,"column":66},"end":{"line":108,"column":72},"skip":true},{"start":{"line":108,"column":77},"end":{"line":108,"column":82},"skip":true},{"start":{"line":109,"column":20},"end":{"line":109,"column":39},"skip":true},{"start":{"line":110,"column":20},"end":{"line":110,"column":49},"skip":true},{"start":{"line":111,"column":20},"end":{"line":111,"column":58},"skip":true},{"start":{"line":112,"column":20},"end":{"line":112,"column":68},"skip":true}]},"15":{"line":129,"type":"if","locations":[{"start":{"line":129,"column":16},"end":{"line":129,"column":16},"skip":true},{"start":{"line":129,"column":16},"end":{"line":129,"column":16},"skip":true}]},"16":{"line":134,"type":"cond-expr","locations":[{"start":{"line":135,"column":26},"end":{"line":135,"column":29},"skip":true},{"start":{"line":136,"column":26},"end":{"line":136,"column":54},"skip":true}]},"17":{"line":164,"type":"binary-expr","locations":[{"start":{"line":164,"column":27},"end":{"line":164,"column":43},"skip":true},{"start":{"line":164,"column":47},"end":{"line":164,"column":49},"skip":true}]},"18":{"line":258,"type":"if","locations":[{"start":{"line":258,"column":8},"end":{"line":258,"column":8},"skip":true},{"start":{"line":258,"column":8},"end":{"line":258,"column":8},"skip":true}]},"19":{"line":275,"type":"switch","locations":[{"start":{"line":276,"column":20},"end":{"line":277,"column":64},"skip":true},{"start":{"line":278,"column":20},"end":{"line":279,"column":40},"skip":true},{"start":{"line":280,"column":20},"end":{"line":281,"column":40},"skip":true},{"start":{"line":282,"column":20},"end":{"line":283,"column":39},"skip":true}]},"20":{"line":288,"type":"if","locations":[{"start":{"line":288,"column":8},"end":{"line":288,"column":8},"skip":true},{"start":{"line":288,"column":8},"end":{"line":288,"column":8},"skip":true}]},"21":{"line":288,"type":"binary-expr","locations":[{"start":{"line":288,"column":12},"end":{"line":288,"column":40},"skip":true},{"start":{"line":288,"column":44},"end":{"line":288,"column":67},"skip":true}]},"22":{"line":292,"type":"binary-expr","locations":[{"start":{"line":292,"column":12},"end":{"line":292,"column":50},"skip":true},{"start":{"line":293,"column":12},"end":{"line":293,"column":53},"skip":true}]},"23":{"line":297,"type":"binary-expr","locations":[{"start":{"line":297,"column":12},"end":{"line":297,"column":74},"skip":true},{"start":{"line":298,"column":12},"end":{"line":301,"column":36},"skip":true}]},"24":{"line":303,"type":"binary-expr","locations":[{"start":{"line":303,"column":43},"end":{"line":303,"column":75},"skip":true},{"start":{"line":303,"column":79},"end":{"line":303,"column":81},"skip":true}]},"25":{"line":306,"type":"if","locations":[{"start":{"line":306,"column":8},"end":{"line":306,"column":8},"skip":true},{"start":{"line":306,"column":8},"end":{"line":306,"column":8},"skip":true}]},"26":{"line":310,"type":"if","locations":[{"start":{"line":310,"column":8},"end":{"line":310,"column":8},"skip":true},{"start":{"line":310,"column":8},"end":{"line":310,"column":8},"skip":true}]},"27":{"line":313,"type":"binary-expr","locations":[{"start":{"line":313,"column":27},"end":{"line":313,"column":43},"skip":true},{"start":{"line":313,"column":47},"end":{"line":313,"column":53},"skip":true}]},"28":{"line":317,"type":"if","locations":[{"start":{"line":317,"column":12},"end":{"line":317,"column":12},"skip":true},{"start":{"line":317,"column":12},"end":{"line":317,"column":12},"skip":true}]}},"code":["/*","example.js","","quickstart example","","instruction","    1. save this script as example.js","    2. run the shell command:","        $ npm install npmtest-bootstrap-notify && PORT=8081 node example.js","    3. play with the browser-demo on http://127.0.0.1:8081","*/","","","","/* istanbul instrument in package npmtest_bootstrap_notify */","/*jslint","    bitwise: true,","    browser: true,","    maxerr: 8,","    maxlen: 96,","    node: true,","    nomen: true,","    regexp: true,","    stupid: true","*/","(function () {","    'use strict';","    var local;","","","","    // run shared js-env code - pre-init","    (function () {","        // init local","        local = {};","        // init modeJs","        local.modeJs = (function () {","            try {","                return typeof navigator.userAgent === 'string' &&","                    typeof document.querySelector('body') === 'object' &&","                    typeof XMLHttpRequest.prototype.open === 'function' &&","                    'browser';","            } catch (errorCaughtBrowser) {","                return module.exports &&","                    typeof process.versions.node === 'string' &&","                    typeof require('http').createServer === 'function' &&","                    'node';","            }","        }());","        // init global","        local.global = local.modeJs === 'browser'","            ? window","            : global;","        // init utility2_rollup","        local = local.global.utility2_rollup || (local.modeJs === 'browser'","            ? local.global.utility2_npmtest_bootstrap_notify","            : global.utility2_moduleExports);","        // export local","        local.global.local = local;","    }());","    switch (local.modeJs) {","","","","    // post-init","    // run browser js-env code - post-init","    /* istanbul ignore next */","    case 'browser':","        local.testRunBrowser = function (event) {","            if (!event || (event &&","                    event.currentTarget &&","                    event.currentTarget.className &&","                    event.currentTarget.className.includes &&","                    event.currentTarget.className.includes('onreset'))) {","                // reset output","                Array.from(","                    document.querySelectorAll('body > .resettable')","                ).forEach(function (element) {","                    switch (element.tagName) {","                    case 'INPUT':","                    case 'TEXTAREA':","                        element.value = '';","                        break;","                    default:","                        element.textContent = '';","                    }","                });","            }","            switch (event && event.currentTarget && event.currentTarget.id) {","            case 'testRunButton1':","                // show tests","                if (document.querySelector('#testReportDiv1').style.display === 'none') {","                    document.querySelector('#testReportDiv1').style.display = 'block';","                    document.querySelector('#testRunButton1').textContent =","                        'hide internal test';","                    local.modeTest = true;","                    local.testRunDefault(local);","                // hide tests","                } else {","                    document.querySelector('#testReportDiv1').style.display = 'none';","                    document.querySelector('#testRunButton1').textContent = 'run internal test';","                }","                break;","            // custom-case","            default:","                break;","            }","            if (document.querySelector('#inputTextareaEval1') && (!event || (event &&","                    event.currentTarget &&","                    event.currentTarget.className &&","                    event.currentTarget.className.includes &&","                    event.currentTarget.className.includes('oneval')))) {","                // try to eval input-code","                try {","                    /*jslint evil: true*/","                    eval(document.querySelector('#inputTextareaEval1').value);","                } catch (errorCaught) {","                    console.error(errorCaught);","                }","            }","        };","        // log stderr and stdout to #outputTextareaStdout1","        ['error', 'log'].forEach(function (key) {","            console[key + '_original'] = console[key];","            console[key] = function () {","                var element;","                console[key + '_original'].apply(console, arguments);","                element = document.querySelector('#outputTextareaStdout1');","                if (!element) {","                    return;","                }","                // append text to #outputTextareaStdout1","                element.value += Array.from(arguments).map(function (arg) {","                    return typeof arg === 'string'","                        ? arg","                        : JSON.stringify(arg, null, 4);","                }).join(' ') + '\\n';","                // scroll textarea to bottom","                element.scrollTop = element.scrollHeight;","            };","        });","        // init event-handling","        ['change', 'click', 'keyup'].forEach(function (event) {","            Array.from(document.querySelectorAll('.on' + event)).forEach(function (element) {","                element.addEventListener(event, local.testRunBrowser);","            });","        });","        // run tests","        local.testRunBrowser();","        break;","","","","    // run node js-env code - post-init","    /* istanbul ignore next */","    case 'node':","        // export local","        module.exports = local;","        // require modules","        local.fs = require('fs');","        local.http = require('http');","        local.url = require('url');","        // init assets","        local.assetsDict = local.assetsDict || {};","        /* jslint-ignore-begin */","        local.assetsDict['/assets.index.template.html'] = '\\","<!doctype html>\\n\\","<html lang=\"en\">\\n\\","<head>\\n\\","<meta charset=\"UTF-8\">\\n\\","<meta name=\"viewport\" content=\"width=device-width, initial-scale=1\">\\n\\","<title>{{env.npm_package_name}} (v{{env.npm_package_version}})</title>\\n\\","<style>\\n\\","/*csslint\\n\\","    box-sizing: false,\\n\\","    universal-selector: false\\n\\","*/\\n\\","* {\\n\\","    box-sizing: border-box;\\n\\","}\\n\\","body {\\n\\","    background: #dde;\\n\\","    font-family: Arial, Helvetica, sans-serif;\\n\\","    margin: 2rem;\\n\\","}\\n\\","body > * {\\n\\","    margin-bottom: 1rem;\\n\\","}\\n\\",".utility2FooterDiv {\\n\\","    margin-top: 20px;\\n\\","    text-align: center;\\n\\","}\\n\\","</style>\\n\\","<style>\\n\\","/*csslint\\n\\","*/\\n\\","textarea {\\n\\","    font-family: monospace;\\n\\","    height: 10rem;\\n\\","    width: 100%;\\n\\","}\\n\\","textarea[readonly] {\\n\\","    background: #ddd;\\n\\","}\\n\\","</style>\\n\\","</head>\\n\\","<body>\\n\\","<!-- utility2-comment\\n\\","<div id=\"ajaxProgressDiv1\" style=\"background: #d00; height: 2px; left: 0; margin: 0; padding: 0; position: fixed; top: 0; transition: background 0.5s, width 1.5s; width: 25%;\"></div>\\n\\","utility2-comment -->\\n\\","<h1>\\n\\","<!-- utility2-comment\\n\\","    <a\\n\\","        {{#if env.npm_package_homepage}}\\n\\","        href=\"{{env.npm_package_homepage}}\"\\n\\","        {{/if env.npm_package_homepage}}\\n\\","        target=\"_blank\"\\n\\","    >\\n\\","utility2-comment -->\\n\\","        {{env.npm_package_name}} (v{{env.npm_package_version}})\\n\\","<!-- utility2-comment\\n\\","    </a>\\n\\","utility2-comment -->\\n\\","</h1>\\n\\","<h3>{{env.npm_package_description}}</h3>\\n\\","<!-- utility2-comment\\n\\","<h4><a download href=\"assets.app.js\">download standalone app</a></h4>\\n\\","<button class=\"onclick onreset\" id=\"testRunButton1\">run internal test</button><br>\\n\\","<div id=\"testReportDiv1\" style=\"display: none;\"></div>\\n\\","utility2-comment -->\\n\\","\\n\\","\\n\\","\\n\\","<label>stderr and stdout</label>\\n\\","<textarea class=\"resettable\" id=\"outputTextareaStdout1\" readonly></textarea>\\n\\","<!-- utility2-comment\\n\\","{{#if isRollup}}\\n\\","<script src=\"assets.app.js\"></script>\\n\\","{{#unless isRollup}}\\n\\","utility2-comment -->\\n\\","<script src=\"assets.utility2.rollup.js\"></script>\\n\\","<script src=\"jsonp.utility2._stateInit?callback=window.utility2._stateInit\"></script>\\n\\","<script src=\"assets.npmtest_bootstrap_notify.rollup.js\"></script>\\n\\","<script src=\"assets.example.js\"></script>\\n\\","<script src=\"assets.test.js\"></script>\\n\\","<!-- utility2-comment\\n\\","{{/if isRollup}}\\n\\","utility2-comment -->\\n\\","<div class=\"utility2FooterDiv\">\\n\\","    [ this app was created with\\n\\","    <a href=\"https://github.com/kaizhu256/node-utility2\" target=\"_blank\">utility2</a>\\n\\","    ]\\n\\","</div>\\n\\","</body>\\n\\","</html>\\n\\","';","        /* jslint-ignore-end */","        if (local.templateRender) {","            local.assetsDict['/'] = local.templateRender(","                local.assetsDict['/assets.index.template.html'],","                {","                    env: local.objectSetDefault(local.env, {","                        npm_package_description: 'the greatest app in the world!',","                        npm_package_name: 'my-app',","                        npm_package_nameAlias: 'my_app',","                        npm_package_version: '0.0.1'","                    })","                }","            );","        } else {","            local.assetsDict['/'] = local.assetsDict['/assets.index.template.html']","                .replace((/\\{\\{env\\.(\\w+?)\\}\\}/g), function (match0, match1) {","                    // jslint-hack","                    String(match0);","                    switch (match1) {","                    case 'npm_package_description':","                        return 'the greatest app in the world!';","                    case 'npm_package_name':","                        return 'my-app';","                    case 'npm_package_nameAlias':","                        return 'my_app';","                    case 'npm_package_version':","                        return '0.0.1';","                    }","                });","        }","        // run the cli","        if (local.global.utility2_rollup || module !== require.main) {","            break;","        }","        local.assetsDict['/assets.example.js'] =","            local.assetsDict['/assets.example.js'] ||","            local.fs.readFileSync(__filename, 'utf8');","        // bug-workaround - long $npm_package_buildCustomOrg","        /* jslint-ignore-begin */","        local.assetsDict['/assets.npmtest_bootstrap_notify.rollup.js'] =","            local.assetsDict['/assets.npmtest_bootstrap_notify.rollup.js'] ||","            local.fs.readFileSync(","                local.npmtest_bootstrap_notify.__dirname + '/lib.npmtest_bootstrap_notify.js',","                'utf8'","            ).replace((/^#!/), '//');","        /* jslint-ignore-end */","        local.assetsDict['/favicon.ico'] = local.assetsDict['/favicon.ico'] || '';","        // if $npm_config_timeout_exit exists,","        // then exit this process after $npm_config_timeout_exit ms","        if (Number(process.env.npm_config_timeout_exit)) {","            setTimeout(process.exit, Number(process.env.npm_config_timeout_exit));","        }","        // start server","        if (local.global.utility2_serverHttp1) {","            break;","        }","        process.env.PORT = process.env.PORT || '8081';","        console.error('server starting on port ' + process.env.PORT);","        local.http.createServer(function (request, response) {","            request.urlParsed = local.url.parse(request.url);","            if (local.assetsDict[request.urlParsed.pathname] !== undefined) {","                response.end(local.assetsDict[request.urlParsed.pathname]);","                return;","            }","            response.statusCode = 404;","            response.end();","        }).listen(process.env.PORT);","        break;","    }","}());",""],"l":{"26":2,"28":2,"33":2,"35":2,"37":2,"38":2,"39":2,"44":1,"51":2,"55":2,"59":2,"61":2,"69":1,"70":2,"76":2,"79":2,"82":2,"83":2,"85":1,"89":2,"92":1,"93":1,"94":1,"96":1,"97":1,"100":1,"101":1,"103":1,"106":1,"108":2,"114":1,"116":1,"118":1,"123":1,"124":2,"125":2,"126":3,"127":3,"128":3,"129":3,"130":1,"133":3,"134":3,"139":3,"143":1,"144":3,"145":1,"149":1,"150":1,"158":1,"160":1,"161":1,"162":1,"164":1,"166":1,"258":1,"259":1,"271":1,"274":6,"275":6,"277":1,"279":2,"281":1,"283":2,"288":1,"289":1,"291":1,"296":1,"303":1,"306":1,"307":1,"310":1,"311":1,"313":1,"314":1,"315":1,"316":1,"317":1,"318":1,"319":1,"321":1,"322":1,"324":1}},"/home/travis/build/npmtest/node-npmtest-bootstrap-notify/node_modules/bootstrap-notify/bootstrap-notify.js":{"path":"/home/travis/build/npmtest/node-npmtest-bootstrap-notify/node_modules/bootstrap-notify/bootstrap-notify.js","s":{"1":2,"2":2,"3":0,"4":2,"5":2,"6":0,"7":0,"8":0,"9":0,"10":0,"11":0,"12":0,"13":1,"14":0,"15":0,"16":0,"17":0,"18":0,"19":0,"20":0,"21":0,"22":0,"23":0,"24":0,"25":0,"26":0,"27":0,"28":0,"29":0,"30":0,"31":0,"32":0,"33":0,"34":0,"35":0,"36":0,"37":0,"38":0,"39":0,"40":0,"41":0,"42":0,"43":0,"44":0,"45":0,"46":0,"47":0,"48":0,"49":0,"50":0,"51":0,"52":0,"53":0,"54":0,"55":0,"56":0,"57":0,"58":0,"59":0,"60":0,"61":0,"62":0,"63":0,"64":0,"65":0,"66":0,"67":0,"68":0,"69":0,"70":0,"71":0,"72":0,"73":0,"74":0,"75":0,"76":0,"77":0,"78":0,"79":0,"80":0,"81":0,"82":0,"83":0,"84":0,"85":0,"86":0,"87":0,"88":0,"89":0,"90":0,"91":0,"92":0,"93":0,"94":0,"95":0,"96":0,"97":0,"98":0,"99":0,"100":0,"101":0,"102":0,"103":0,"104":0,"105":0,"106":0,"107":0,"108":0,"109":0,"110":0,"111":0,"112":0,"113":0,"114":0,"115":0,"116":0,"117":0,"118":0,"119":0,"120":0,"121":0,"122":0,"123":0,"124":0,"125":0,"126":0,"127":0,"128":0,"129":0,"130":0,"131":0,"132":0,"133":0,"134":0,"135":0,"136":0,"137":0,"138":0,"139":0,"140":0,"141":0,"142":0,"143":0,"144":0,"145":0,"146":0,"147":0,"148":0,"149":0,"150":0,"151":0,"152":0,"153":0,"154":0,"155":0,"156":0},"b":{"1":[0,2],"2":[2,0],"3":[2,0],"4":[0,0],"5":[0,0],"6":[0,0],"7":[0,0],"8":[0,0],"9":[0,0],"10":[0,0],"11":[0,0],"12":[0,0],"13":[0,0],"14":[0,0,0,0,0,0],"15":[0,0],"16":[0,0],"17":[0,0],"18":[0,0],"19":[0,0,0],"20":[0,0],"21":[0,0],"22":[0,0],"23":[0,0],"24":[0,0],"25":[0,0,0],"26":[0,0],"27":[0,0],"28":[0,0],"29":[0,0],"30":[0,0],"31":[0,0],"32":[0,0],"33":[0,0,0],"34":[0,0],"35":[0,0],"36":[0,0],"37":[0,0],"38":[0,0],"39":[0,0],"40":[0,0],"41":[0,0]},"f":{"1":2,"2":0,"3":0,"4":0,"5":0,"6":0,"7":0,"8":0,"9":0,"10":0,"11":0,"12":0,"13":0,"14":0,"15":0,"16":0,"17":0,"18":0,"19":0,"20":0,"21":0,"22":0,"23":0,"24":0,"25":0,"26":0,"27":0,"28":0,"29":0,"30":0,"31":0},"fnMap":{"1":{"name":"(anonymous_1)","line":8,"loc":{"start":{"line":8,"column":1},"end":{"line":8,"column":20}}},"2":{"name":"(anonymous_2)","line":19,"loc":{"start":{"line":19,"column":2},"end":{"line":19,"column":15}}},"3":{"name":"(anonymous_3)","line":51,"loc":{"start":{"line":51,"column":17},"end":{"line":51,"column":28}}},"4":{"name":"Notify","line":59,"loc":{"start":{"line":59,"column":1},"end":{"line":59,"column":47}}},"5":{"name":"(anonymous_5)","line":93,"loc":{"start":{"line":93,"column":8},"end":{"line":93,"column":20}}},"6":{"name":"(anonymous_6)","line":109,"loc":{"start":{"line":109,"column":12},"end":{"line":109,"column":38}}},"7":{"name":"(anonymous_7)","line":153,"loc":{"start":{"line":153,"column":11},"end":{"line":153,"column":22}}},"8":{"name":"(anonymous_8)","line":158,"loc":{"start":{"line":158,"column":15},"end":{"line":158,"column":27}}},"9":{"name":"(anonymous_9)","line":169,"loc":{"start":{"line":169,"column":11},"end":{"line":169,"column":22}}},"10":{"name":"(anonymous_10)","line":180,"loc":{"start":{"line":180,"column":16},"end":{"line":180,"column":27}}},"11":{"name":"(anonymous_11)","line":188,"loc":{"start":{"line":188,"column":12},"end":{"line":188,"column":23}}},"12":{"name":"(anonymous_12)","line":199,"loc":{"start":{"line":199,"column":13},"end":{"line":199,"column":24}}},"13":{"name":"(anonymous_13)","line":212,"loc":{"start":{"line":212,"column":140},"end":{"line":212,"column":151}}},"14":{"name":"(anonymous_14)","line":231,"loc":{"start":{"line":231,"column":53},"end":{"line":231,"column":77}}},"15":{"name":"(anonymous_15)","line":246,"loc":{"start":{"line":246,"column":40},"end":{"line":246,"column":56}}},"16":{"name":"(anonymous_16)","line":248,"loc":{"start":{"line":248,"column":31},"end":{"line":248,"column":47}}},"17":{"name":"(anonymous_17)","line":254,"loc":{"start":{"line":254,"column":14},"end":{"line":254,"column":25}}},"18":{"name":"(anonymous_18)","line":262,"loc":{"start":{"line":262,"column":8},"end":{"line":262,"column":19}}},"19":{"name":"(anonymous_19)","line":265,"loc":{"start":{"line":265,"column":57},"end":{"line":265,"column":68}}},"20":{"name":"(anonymous_20)","line":269,"loc":{"start":{"line":269,"column":23},"end":{"line":269,"column":35}}},"21":{"name":"(anonymous_21)","line":271,"loc":{"start":{"line":271,"column":15},"end":{"line":271,"column":27}}},"22":{"name":"(anonymous_22)","line":278,"loc":{"start":{"line":278,"column":28},"end":{"line":278,"column":39}}},"23":{"name":"(anonymous_23)","line":292,"loc":{"start":{"line":292,"column":9},"end":{"line":292,"column":20}}},"24":{"name":"(anonymous_24)","line":305,"loc":{"start":{"line":305,"column":40},"end":{"line":305,"column":56}}},"25":{"name":"(anonymous_25)","line":307,"loc":{"start":{"line":307,"column":31},"end":{"line":307,"column":47}}},"26":{"name":"(anonymous_26)","line":314,"loc":{"start":{"line":314,"column":14},"end":{"line":314,"column":25}}},"27":{"name":"(anonymous_27)","line":323,"loc":{"start":{"line":323,"column":14},"end":{"line":323,"column":29}}},"28":{"name":"(anonymous_28)","line":330,"loc":{"start":{"line":330,"column":18},"end":{"line":330,"column":29}}},"29":{"name":"(anonymous_29)","line":337,"loc":{"start":{"line":337,"column":12},"end":{"line":337,"column":42}}},"30":{"name":"(anonymous_30)","line":341,"loc":{"start":{"line":341,"column":20},"end":{"line":341,"column":40}}},"31":{"name":"(anonymous_31)","line":345,"loc":{"start":{"line":345,"column":17},"end":{"line":345,"column":37}}}},"statementMap":{"1":{"start":{"line":8,"column":0},"end":{"line":353,"column":4}},"2":{"start":{"line":9,"column":1},"end":{"line":18,"column":2}},"3":{"start":{"line":11,"column":2},"end":{"line":11,"column":30}},"4":{"start":{"line":12,"column":8},"end":{"line":18,"column":2}},"5":{"start":{"line":14,"column":2},"end":{"line":14,"column":29}},"6":{"start":{"line":17,"column":2},"end":{"line":17,"column":18}},"7":{"start":{"line":21,"column":1},"end":{"line":49,"column":4}},"8":{"start":{"line":51,"column":1},"end":{"line":57,"column":3}},"9":{"start":{"line":52,"column":2},"end":{"line":52,"column":25}},"10":{"start":{"line":53,"column":2},"end":{"line":55,"column":3}},"11":{"start":{"line":54,"column":3},"end":{"line":54,"column":74}},"12":{"start":{"line":56,"column":2},"end":{"line":56,"column":13}},"13":{"start":{"line":59,"column":1},"end":{"line":90,"column":2}},"14":{"start":{"line":61,"column":2},"end":{"line":69,"column":4}},"15":{"start":{"line":71,"column":2},"end":{"line":71,"column":49}},"16":{"start":{"line":72,"column":2},"end":{"line":72,"column":56}},"17":{"start":{"line":73,"column":2},"end":{"line":73,"column":28}},"18":{"start":{"line":74,"column":2},"end":{"line":76,"column":3}},"19":{"start":{"line":75,"column":3},"end":{"line":75,"column":59}},"20":{"start":{"line":77,"column":2},"end":{"line":80,"column":3}},"21":{"start":{"line":82,"column":2},"end":{"line":87,"column":3}},"22":{"start":{"line":83,"column":6},"end":{"line":86,"column":8}},"23":{"start":{"line":89,"column":2},"end":{"line":89,"column":14}},"24":{"start":{"line":92,"column":1},"end":{"line":335,"column":4}},"25":{"start":{"line":94,"column":3},"end":{"line":94,"column":19}},"26":{"start":{"line":96,"column":3},"end":{"line":96,"column":22}},"27":{"start":{"line":97,"column":3},"end":{"line":99,"column":4}},"28":{"start":{"line":98,"column":4},"end":{"line":98,"column":19}},"29":{"start":{"line":100,"column":3},"end":{"line":102,"column":4}},"30":{"start":{"line":101,"column":4},"end":{"line":101,"column":20}},"31":{"start":{"line":103,"column":3},"end":{"line":103,"column":23}},"32":{"start":{"line":104,"column":3},"end":{"line":104,"column":20}},"33":{"start":{"line":105,"column":3},"end":{"line":105,"column":15}},"34":{"start":{"line":107,"column":3},"end":{"line":156,"column":5}},"35":{"start":{"line":110,"column":5},"end":{"line":110,"column":23}},"36":{"start":{"line":111,"column":5},"end":{"line":115,"column":6}},"37":{"start":{"line":112,"column":6},"end":{"line":112,"column":33}},"38":{"start":{"line":114,"column":6},"end":{"line":114,"column":25}},"39":{"start":{"line":116,"column":5},"end":{"line":149,"column":6}},"40":{"start":{"line":117,"column":6},"end":{"line":148,"column":7}},"41":{"start":{"line":119,"column":8},"end":{"line":119,"column":61}},"42":{"start":{"line":120,"column":8},"end":{"line":120,"column":120}},"43":{"start":{"line":121,"column":8},"end":{"line":121,"column":47}},"44":{"start":{"line":122,"column":8},"end":{"line":122,"column":155}},"45":{"start":{"line":123,"column":8},"end":{"line":123,"column":14}},"46":{"start":{"line":125,"column":8},"end":{"line":125,"column":59}},"47":{"start":{"line":126,"column":8},"end":{"line":133,"column":9}},"48":{"start":{"line":127,"column":9},"end":{"line":127,"column":83}},"49":{"start":{"line":129,"column":9},"end":{"line":131,"column":10}},"50":{"start":{"line":130,"column":10},"end":{"line":130,"column":28}},"51":{"start":{"line":132,"column":9},"end":{"line":132,"column":46}},"52":{"start":{"line":134,"column":8},"end":{"line":134,"column":14}},"53":{"start":{"line":136,"column":8},"end":{"line":136,"column":95}},"54":{"start":{"line":137,"column":8},"end":{"line":137,"column":49}},"55":{"start":{"line":138,"column":8},"end":{"line":138,"column":139}},"56":{"start":{"line":139,"column":8},"end":{"line":139,"column":14}},"57":{"start":{"line":141,"column":8},"end":{"line":141,"column":78}},"58":{"start":{"line":142,"column":8},"end":{"line":142,"column":14}},"59":{"start":{"line":144,"column":8},"end":{"line":144,"column":80}},"60":{"start":{"line":145,"column":8},"end":{"line":145,"column":14}},"61":{"start":{"line":147,"column":8},"end":{"line":147,"column":81}},"62":{"start":{"line":150,"column":5},"end":{"line":150,"column":109}},"63":{"start":{"line":151,"column":5},"end":{"line":151,"column":27}},"64":{"start":{"line":154,"column":5},"end":{"line":154,"column":18}},"65":{"start":{"line":159,"column":3},"end":{"line":159,"column":39}},"66":{"start":{"line":160,"column":3},"end":{"line":160,"column":137}},"67":{"start":{"line":161,"column":3},"end":{"line":161,"column":110}},"68":{"start":{"line":162,"column":3},"end":{"line":164,"column":4}},"69":{"start":{"line":163,"column":4},"end":{"line":163,"column":69}},"70":{"start":{"line":165,"column":3},"end":{"line":167,"column":4}},"71":{"start":{"line":166,"column":4},"end":{"line":166,"column":59}},"72":{"start":{"line":170,"column":3},"end":{"line":178,"column":4}},"73":{"start":{"line":171,"column":4},"end":{"line":171,"column":80}},"74":{"start":{"line":173,"column":4},"end":{"line":177,"column":5}},"75":{"start":{"line":174,"column":5},"end":{"line":174,"column":84}},"76":{"start":{"line":176,"column":5},"end":{"line":176,"column":117}},"77":{"start":{"line":181,"column":3},"end":{"line":186,"column":6}},"78":{"start":{"line":189,"column":3},"end":{"line":197,"column":6}},"79":{"start":{"line":200,"column":3},"end":{"line":210,"column":29}},"80":{"start":{"line":212,"column":3},"end":{"line":214,"column":6}},"81":{"start":{"line":213,"column":4},"end":{"line":213,"column":156}},"82":{"start":{"line":215,"column":3},"end":{"line":217,"column":4}},"83":{"start":{"line":216,"column":4},"end":{"line":216,"column":39}},"84":{"start":{"line":218,"column":3},"end":{"line":218,"column":54}},"85":{"start":{"line":220,"column":3},"end":{"line":229,"column":4}},"86":{"start":{"line":223,"column":5},"end":{"line":223,"column":70}},"87":{"start":{"line":224,"column":5},"end":{"line":224,"column":11}},"88":{"start":{"line":226,"column":5},"end":{"line":226,"column":18}},"89":{"start":{"line":227,"column":5},"end":{"line":227,"column":19}},"90":{"start":{"line":228,"column":5},"end":{"line":228,"column":11}},"91":{"start":{"line":230,"column":3},"end":{"line":230,"column":60}},"92":{"start":{"line":231,"column":3},"end":{"line":233,"column":6}},"93":{"start":{"line":232,"column":4},"end":{"line":232,"column":61}},"94":{"start":{"line":235,"column":3},"end":{"line":235,"column":46}},"95":{"start":{"line":237,"column":3},"end":{"line":240,"column":4}},"96":{"start":{"line":238,"column":4},"end":{"line":238,"column":96}},"97":{"start":{"line":239,"column":4},"end":{"line":239,"column":31}},"98":{"start":{"line":242,"column":3},"end":{"line":244,"column":4}},"99":{"start":{"line":243,"column":4},"end":{"line":243,"column":41}},"100":{"start":{"line":246,"column":3},"end":{"line":252,"column":6}},"101":{"start":{"line":247,"column":4},"end":{"line":247,"column":24}},"102":{"start":{"line":249,"column":4},"end":{"line":251,"column":5}},"103":{"start":{"line":250,"column":5},"end":{"line":250,"column":38}},"104":{"start":{"line":254,"column":3},"end":{"line":260,"column":11}},"105":{"start":{"line":255,"column":4},"end":{"line":259,"column":5}},"106":{"start":{"line":256,"column":5},"end":{"line":258,"column":6}},"107":{"start":{"line":257,"column":6},"end":{"line":257,"column":39}},"108":{"start":{"line":263,"column":3},"end":{"line":263,"column":19}},"109":{"start":{"line":265,"column":3},"end":{"line":267,"column":5}},"110":{"start":{"line":266,"column":4},"end":{"line":266,"column":17}},"111":{"start":{"line":269,"column":3},"end":{"line":273,"column":6}},"112":{"start":{"line":270,"column":4},"end":{"line":270,"column":39}},"113":{"start":{"line":272,"column":4},"end":{"line":272,"column":40}},"114":{"start":{"line":274,"column":3},"end":{"line":274,"column":41}},"115":{"start":{"line":276,"column":3},"end":{"line":290,"column":4}},"116":{"start":{"line":277,"column":4},"end":{"line":277,"column":56}},"117":{"start":{"line":278,"column":4},"end":{"line":289,"column":28}},"118":{"start":{"line":279,"column":5},"end":{"line":279,"column":80}},"119":{"start":{"line":280,"column":5},"end":{"line":284,"column":6}},"120":{"start":{"line":281,"column":6},"end":{"line":281,"column":80}},"121":{"start":{"line":282,"column":6},"end":{"line":282,"column":44}},"122":{"start":{"line":283,"column":6},"end":{"line":283,"column":117}},"123":{"start":{"line":285,"column":5},"end":{"line":288,"column":6}},"124":{"start":{"line":286,"column":6},"end":{"line":286,"column":27}},"125":{"start":{"line":287,"column":6},"end":{"line":287,"column":19}},"126":{"start":{"line":293,"column":3},"end":{"line":296,"column":25}},"127":{"start":{"line":298,"column":3},"end":{"line":298,"column":74}},"128":{"start":{"line":299,"column":3},"end":{"line":299,"column":25}},"129":{"start":{"line":301,"column":3},"end":{"line":303,"column":4}},"130":{"start":{"line":302,"column":4},"end":{"line":302,"column":42}},"131":{"start":{"line":305,"column":3},"end":{"line":312,"column":6}},"132":{"start":{"line":306,"column":4},"end":{"line":306,"column":24}},"133":{"start":{"line":308,"column":4},"end":{"line":308,"column":21}},"134":{"start":{"line":309,"column":4},"end":{"line":311,"column":5}},"135":{"start":{"line":310,"column":5},"end":{"line":310,"column":39}},"136":{"start":{"line":314,"column":3},"end":{"line":321,"column":11}},"137":{"start":{"line":315,"column":4},"end":{"line":320,"column":5}},"138":{"start":{"line":316,"column":5},"end":{"line":316,"column":24}},"139":{"start":{"line":317,"column":5},"end":{"line":319,"column":6}},"140":{"start":{"line":318,"column":6},"end":{"line":318,"column":40}},"141":{"start":{"line":324,"column":3},"end":{"line":326,"column":44}},"142":{"start":{"line":327,"column":3},"end":{"line":329,"column":4}},"143":{"start":{"line":328,"column":4},"end":{"line":328,"column":44}},"144":{"start":{"line":330,"column":3},"end":{"line":333,"column":6}},"145":{"start":{"line":331,"column":4},"end":{"line":331,"column":52}},"146":{"start":{"line":332,"column":4},"end":{"line":332,"column":84}},"147":{"start":{"line":337,"column":1},"end":{"line":340,"column":3}},"148":{"start":{"line":338,"column":2},"end":{"line":338,"column":52}},"149":{"start":{"line":339,"column":2},"end":{"line":339,"column":23}},"150":{"start":{"line":341,"column":1},"end":{"line":344,"column":3}},"151":{"start":{"line":342,"column":2},"end":{"line":342,"column":51}},"152":{"start":{"line":343,"column":2},"end":{"line":343,"column":18}},"153":{"start":{"line":345,"column":1},"end":{"line":351,"column":3}},"154":{"start":{"line":346,"column":2},"end":{"line":350,"column":3}},"155":{"start":{"line":347,"column":3},"end":{"line":347,"column":71}},"156":{"start":{"line":349,"column":3},"end":{"line":349,"column":94}}},"branchMap":{"1":{"line":9,"type":"if","locations":[{"start":{"line":9,"column":1},"end":{"line":9,"column":1}},{"start":{"line":9,"column":1},"end":{"line":9,"column":1}}]},"2":{"line":9,"type":"binary-expr","locations":[{"start":{"line":9,"column":5},"end":{"line":9,"column":33}},{"start":{"line":9,"column":37},"end":{"line":9,"column":47}}]},"3":{"line":12,"type":"if","locations":[{"start":{"line":12,"column":8},"end":{"line":12,"column":8}},{"start":{"line":12,"column":8},"end":{"line":12,"column":8}}]},"4":{"line":63,"type":"cond-expr","locations":[{"start":{"line":63,"column":42},"end":{"line":63,"column":57}},{"start":{"line":63,"column":60},"end":{"line":63,"column":67}}]},"5":{"line":64,"type":"cond-expr","locations":[{"start":{"line":64,"column":27},"end":{"line":64,"column":40}},{"start":{"line":64,"column":43},"end":{"line":64,"column":45}}]},"6":{"line":65,"type":"cond-expr","locations":[{"start":{"line":65,"column":25},"end":{"line":65,"column":37}},{"start":{"line":65,"column":40},"end":{"line":65,"column":42}}]},"7":{"line":66,"type":"cond-expr","locations":[{"start":{"line":66,"column":23},"end":{"line":66,"column":34}},{"start":{"line":66,"column":37},"end":{"line":66,"column":40}}]},"8":{"line":67,"type":"cond-expr","locations":[{"start":{"line":67,"column":29},"end":{"line":67,"column":43}},{"start":{"line":67,"column":46},"end":{"line":67,"column":49}}]},"9":{"line":74,"type":"if","locations":[{"start":{"line":74,"column":2},"end":{"line":74,"column":2}},{"start":{"line":74,"column":2},"end":{"line":74,"column":2}}]},"10":{"line":82,"type":"if","locations":[{"start":{"line":82,"column":2},"end":{"line":82,"column":2}},{"start":{"line":82,"column":2},"end":{"line":82,"column":2}}]},"11":{"line":97,"type":"if","locations":[{"start":{"line":97,"column":3},"end":{"line":97,"column":3}},{"start":{"line":97,"column":3},"end":{"line":97,"column":3}}]},"12":{"line":100,"type":"if","locations":[{"start":{"line":100,"column":3},"end":{"line":100,"column":3}},{"start":{"line":100,"column":3},"end":{"line":100,"column":3}}]},"13":{"line":111,"type":"if","locations":[{"start":{"line":111,"column":5},"end":{"line":111,"column":5}},{"start":{"line":111,"column":5},"end":{"line":111,"column":5}}]},"14":{"line":117,"type":"switch","locations":[{"start":{"line":118,"column":7},"end":{"line":123,"column":14}},{"start":{"line":124,"column":7},"end":{"line":134,"column":14}},{"start":{"line":135,"column":7},"end":{"line":139,"column":14}},{"start":{"line":140,"column":7},"end":{"line":142,"column":14}},{"start":{"line":143,"column":7},"end":{"line":145,"column":14}},{"start":{"line":146,"column":7},"end":{"line":147,"column":81}}]},"15":{"line":126,"type":"if","locations":[{"start":{"line":126,"column":8},"end":{"line":126,"column":8}},{"start":{"line":126,"column":8},"end":{"line":126,"column":8}}]},"16":{"line":129,"type":"if","locations":[{"start":{"line":129,"column":9},"end":{"line":129,"column":9}},{"start":{"line":129,"column":9},"end":{"line":129,"column":9}}]},"17":{"line":162,"type":"if","locations":[{"start":{"line":162,"column":3},"end":{"line":162,"column":3}},{"start":{"line":162,"column":3},"end":{"line":162,"column":3}}]},"18":{"line":165,"type":"if","locations":[{"start":{"line":165,"column":3},"end":{"line":165,"column":3}},{"start":{"line":165,"column":3},"end":{"line":165,"column":3}}]},"19":{"line":165,"type":"binary-expr","locations":[{"start":{"line":165,"column":8},"end":{"line":165,"column":32}},{"start":{"line":165,"column":36},"end":{"line":165,"column":66}},{"start":{"line":165,"column":71},"end":{"line":165,"column":101}}]},"20":{"line":170,"type":"if","locations":[{"start":{"line":170,"column":3},"end":{"line":170,"column":3}},{"start":{"line":170,"column":3},"end":{"line":170,"column":3}}]},"21":{"line":173,"type":"if","locations":[{"start":{"line":173,"column":4},"end":{"line":173,"column":4}},{"start":{"line":173,"column":4},"end":{"line":173,"column":4}}]},"22":{"line":205,"type":"cond-expr","locations":[{"start":{"line":205,"column":41},"end":{"line":205,"column":63}},{"start":{"line":205,"column":67},"end":{"line":205,"column":122}}]},"23":{"line":205,"type":"cond-expr","locations":[{"start":{"line":205,"column":102},"end":{"line":205,"column":109}},{"start":{"line":205,"column":112},"end":{"line":205,"column":122}}]},"24":{"line":215,"type":"if","locations":[{"start":{"line":215,"column":3},"end":{"line":215,"column":3}},{"start":{"line":215,"column":3},"end":{"line":215,"column":3}}]},"25":{"line":220,"type":"switch","locations":[{"start":{"line":221,"column":4},"end":{"line":221,"column":16}},{"start":{"line":222,"column":4},"end":{"line":224,"column":11}},{"start":{"line":225,"column":4},"end":{"line":228,"column":11}}]},"26":{"line":237,"type":"if","locations":[{"start":{"line":237,"column":3},"end":{"line":237,"column":3}},{"start":{"line":237,"column":3},"end":{"line":237,"column":3}}]},"27":{"line":242,"type":"if","locations":[{"start":{"line":242,"column":3},"end":{"line":242,"column":3}},{"start":{"line":242,"column":3},"end":{"line":242,"column":3}}]},"28":{"line":249,"type":"if","locations":[{"start":{"line":249,"column":4},"end":{"line":249,"column":4}},{"start":{"line":249,"column":4},"end":{"line":249,"column":4}}]},"29":{"line":255,"type":"if","locations":[{"start":{"line":255,"column":4},"end":{"line":255,"column":4}},{"start":{"line":255,"column":4},"end":{"line":255,"column":4}}]},"30":{"line":256,"type":"if","locations":[{"start":{"line":256,"column":5},"end":{"line":256,"column":5}},{"start":{"line":256,"column":5},"end":{"line":256,"column":5}}]},"31":{"line":276,"type":"if","locations":[{"start":{"line":276,"column":3},"end":{"line":276,"column":3}},{"start":{"line":276,"column":3},"end":{"line":276,"column":3}}]},"32":{"line":280,"type":"if","locations":[{"start":{"line":280,"column":5},"end":{"line":280,"column":5}},{"start":{"line":280,"column":5},"end":{"line":280,"column":5}}]},"33":{"line":280,"type":"binary-expr","locations":[{"start":{"line":280,"column":10},"end":{"line":280,"column":50}},{"start":{"line":280,"column":54},"end":{"line":280,"column":89}},{"start":{"line":280,"column":94},"end":{"line":280,"column":129}}]},"34":{"line":285,"type":"if","locations":[{"start":{"line":285,"column":5},"end":{"line":285,"column":5}},{"start":{"line":285,"column":5},"end":{"line":285,"column":5}}]},"35":{"line":301,"type":"if","locations":[{"start":{"line":301,"column":3},"end":{"line":301,"column":3}},{"start":{"line":301,"column":3},"end":{"line":301,"column":3}}]},"36":{"line":309,"type":"if","locations":[{"start":{"line":309,"column":4},"end":{"line":309,"column":4}},{"start":{"line":309,"column":4},"end":{"line":309,"column":4}}]},"37":{"line":315,"type":"if","locations":[{"start":{"line":315,"column":4},"end":{"line":315,"column":4}},{"start":{"line":315,"column":4},"end":{"line":315,"column":4}}]},"38":{"line":317,"type":"if","locations":[{"start":{"line":317,"column":5},"end":{"line":317,"column":5}},{"start":{"line":317,"column":5},"end":{"line":317,"column":5}}]},"39":{"line":327,"type":"if","locations":[{"start":{"line":327,"column":3},"end":{"line":327,"column":3}},{"start":{"line":327,"column":3},"end":{"line":327,"column":3}}]},"40":{"line":346,"type":"if","locations":[{"start":{"line":346,"column":2},"end":{"line":346,"column":2}},{"start":{"line":346,"column":2},"end":{"line":346,"column":2}}]},"41":{"line":346,"type":"binary-expr","locations":[{"start":{"line":346,"column":6},"end":{"line":346,"column":36}},{"start":{"line":346,"column":40},"end":{"line":346,"column":56}}]}},"code":["/*","* Project: Bootstrap Notify = v3.1.3","* Description: Turns standard Bootstrap alerts into \"Growl-like\" notifications.","* Author: Mouse0270 aka Robert McIntosh","* License: MIT License","* Website: https://github.com/mouse0270/bootstrap-growl","*/","(function (factory) {","\tif (typeof define === 'function' && define.amd) {","\t\t// AMD. Register as an anonymous module.","\t\tdefine(['jquery'], factory);","\t} else if (typeof exports === 'object') {","\t\t// Node/CommonJS","\t\tfactory(require('jquery'));","\t} else {","\t\t// Browser globals","\t\tfactory(jQuery);","\t}","}(function ($) {","\t// Create the defaults once","\tvar defaults = {","\t\t\telement: 'body',","\t\t\tposition: null,","\t\t\ttype: \"info\",","\t\t\tallow_dismiss: true,","\t\t\tnewest_on_top: false,","\t\t\tshowProgressbar: false,","\t\t\tplacement: {","\t\t\t\tfrom: \"top\",","\t\t\t\talign: \"right\"","\t\t\t},","\t\t\toffset: 20,","\t\t\tspacing: 10,","\t\t\tz_index: 1031,","\t\t\tdelay: 5000,","\t\t\ttimer: 1000,","\t\t\turl_target: '_blank',","\t\t\tmouse_over: null,","\t\t\tanimate: {","\t\t\t\tenter: 'animated fadeInDown',","\t\t\t\texit: 'animated fadeOutUp'","\t\t\t},","\t\t\tonShow: null,","\t\t\tonShown: null,","\t\t\tonClose: null,","\t\t\tonClosed: null,","\t\t\ticon_type: 'class',","\t\t\ttemplate: '<div data-notify=\"container\" class=\"col-xs-11 col-sm-4 alert alert-{0}\" role=\"alert\"><button type=\"button\" aria-hidden=\"true\" class=\"close\" data-notify=\"dismiss\">&times;</button><span data-notify=\"icon\"></span> <span data-notify=\"title\">{1}</span> <span data-notify=\"message\">{2}</span><div class=\"progress\" data-notify=\"progressbar\"><div class=\"progress-bar progress-bar-{0}\" role=\"progressbar\" aria-valuenow=\"0\" aria-valuemin=\"0\" aria-valuemax=\"100\" style=\"width: 0%;\"></div></div><a href=\"{3}\" target=\"{4}\" data-notify=\"url\"></a></div>'","\t\t};","","\tString.format = function() {","\t\tvar str = arguments[0];","\t\tfor (var i = 1; i < arguments.length; i++) {","\t\t\tstr = str.replace(RegExp(\"\\\\{\" + (i - 1) + \"\\\\}\", \"gm\"), arguments[i]);","\t\t}","\t\treturn str;","\t};","","\tfunction Notify ( element, content, options ) {","\t\t// Setup Content of Notify","\t\tvar content = {","\t\t\tcontent: {","\t\t\t\tmessage: typeof content == 'object' ? content.message : content,","\t\t\t\ttitle: content.title ? content.title : '',","\t\t\t\ticon: content.icon ? content.icon : '',","\t\t\t\turl: content.url ? content.url : '#',","\t\t\t\ttarget: content.target ? content.target : '-'","\t\t\t}","\t\t};","","\t\toptions = $.extend(true, {}, content, options);","\t\tthis.settings = $.extend(true, {}, defaults, options);","\t\tthis._defaults = defaults;","\t\tif (this.settings.content.target == \"-\") {","\t\t\tthis.settings.content.target = this.settings.url_target;","\t\t}","\t\tthis.animations = {","\t\t\tstart: 'webkitAnimationStart oanimationstart MSAnimationStart animationstart',","\t\t\tend: 'webkitAnimationEnd oanimationend MSAnimationEnd animationend'","\t\t}","","\t\tif (typeof this.settings.offset == 'number') {","\t\t    this.settings.offset = {","\t\t    \tx: this.settings.offset,","\t\t    \ty: this.settings.offset","\t\t    };","\t\t}","","\t\tthis.init();","\t};","","\t$.extend(Notify.prototype, {","\t\tinit: function () {","\t\t\tvar self = this;","","\t\t\tthis.buildNotify();","\t\t\tif (this.settings.content.icon) {","\t\t\t\tthis.setIcon();","\t\t\t}","\t\t\tif (this.settings.content.url != \"#\") {","\t\t\t\tthis.styleURL();","\t\t\t}","\t\t\tthis.styleDismiss();","\t\t\tthis.placement();","\t\t\tthis.bind();","","\t\t\tthis.notify = {","\t\t\t\t$ele: this.$ele,","\t\t\t\tupdate: function(command, update) {","\t\t\t\t\tvar commands = {};","\t\t\t\t\tif (typeof command == \"string\") {","\t\t\t\t\t\tcommands[command] = update;","\t\t\t\t\t}else{","\t\t\t\t\t\tcommands = command;","\t\t\t\t\t}","\t\t\t\t\tfor (var command in commands) {","\t\t\t\t\t\tswitch (command) {","\t\t\t\t\t\t\tcase \"type\":","\t\t\t\t\t\t\t\tthis.$ele.removeClass('alert-' + self.settings.type);","\t\t\t\t\t\t\t\tthis.$ele.find('[data-notify=\"progressbar\"] > .progress-bar').removeClass('progress-bar-' + self.settings.type);","\t\t\t\t\t\t\t\tself.settings.type = commands[command];","\t\t\t\t\t\t\t\tthis.$ele.addClass('alert-' + commands[command]).find('[data-notify=\"progressbar\"] > .progress-bar').addClass('progress-bar-' + commands[command]);","\t\t\t\t\t\t\t\tbreak;","\t\t\t\t\t\t\tcase \"icon\":","\t\t\t\t\t\t\t\tvar $icon = this.$ele.find('[data-notify=\"icon\"]');","\t\t\t\t\t\t\t\tif (self.settings.icon_type.toLowerCase() == 'class') {","\t\t\t\t\t\t\t\t\t$icon.removeClass(self.settings.content.icon).addClass(commands[command]);","\t\t\t\t\t\t\t\t}else{","\t\t\t\t\t\t\t\t\tif (!$icon.is('img')) {","\t\t\t\t\t\t\t\t\t\t$icon.find('img');","\t\t\t\t\t\t\t\t\t}","\t\t\t\t\t\t\t\t\t$icon.attr('src', commands[command]);","\t\t\t\t\t\t\t\t}","\t\t\t\t\t\t\t\tbreak;","\t\t\t\t\t\t\tcase \"progress\":","\t\t\t\t\t\t\t\tvar newDelay = self.settings.delay - (self.settings.delay * (commands[command] / 100));","\t\t\t\t\t\t\t\tthis.$ele.data('notify-delay', newDelay);","\t\t\t\t\t\t\t\tthis.$ele.find('[data-notify=\"progressbar\"] > div').attr('aria-valuenow', commands[command]).css('width', commands[command] + '%');","\t\t\t\t\t\t\t\tbreak;","\t\t\t\t\t\t\tcase \"url\":","\t\t\t\t\t\t\t\tthis.$ele.find('[data-notify=\"url\"]').attr('href', commands[command]);","\t\t\t\t\t\t\t\tbreak;","\t\t\t\t\t\t\tcase \"target\":","\t\t\t\t\t\t\t\tthis.$ele.find('[data-notify=\"url\"]').attr('target', commands[command]);","\t\t\t\t\t\t\t\tbreak;","\t\t\t\t\t\t\tdefault:","\t\t\t\t\t\t\t\tthis.$ele.find('[data-notify=\"' + command +'\"]').html(commands[command]);","\t\t\t\t\t\t};","\t\t\t\t\t}","\t\t\t\t\tvar posX = this.$ele.outerHeight() + parseInt(self.settings.spacing) + parseInt(self.settings.offset.y);","\t\t\t\t\tself.reposition(posX);","\t\t\t\t},","\t\t\t\tclose: function() {","\t\t\t\t\tself.close();","\t\t\t\t}","\t\t\t};","\t\t},","\t\tbuildNotify: function () {","\t\t\tvar content = this.settings.content;","\t\t\tthis.$ele = $(String.format(this.settings.template, this.settings.type, content.title, content.message, content.url, content.target));","\t\t\tthis.$ele.attr('data-notify-position', this.settings.placement.from + '-' + this.settings.placement.align);","\t\t\tif (!this.settings.allow_dismiss) {","\t\t\t\tthis.$ele.find('[data-notify=\"dismiss\"]').css('display', 'none');","\t\t\t}","\t\t\tif ((this.settings.delay <= 0 && !this.settings.showProgressbar) || !this.settings.showProgressbar) {","\t\t\t\tthis.$ele.find('[data-notify=\"progressbar\"]').remove();","\t\t\t}","\t\t},","\t\tsetIcon: function() {","\t\t\tif (this.settings.icon_type.toLowerCase() == 'class') {","\t\t\t\tthis.$ele.find('[data-notify=\"icon\"]').addClass(this.settings.content.icon);","\t\t\t}else{","\t\t\t\tif (this.$ele.find('[data-notify=\"icon\"]').is('img')) {","\t\t\t\t\tthis.$ele.find('[data-notify=\"icon\"]').attr('src', this.settings.content.icon);","\t\t\t\t}else{","\t\t\t\t\tthis.$ele.find('[data-notify=\"icon\"]').append('<img src=\"'+this.settings.content.icon+'\" alt=\"Notify Icon\" />');","\t\t\t\t}","\t\t\t}","\t\t},","\t\tstyleDismiss: function() {","\t\t\tthis.$ele.find('[data-notify=\"dismiss\"]').css({","\t\t\t\tposition: 'absolute',","\t\t\t\tright: '10px',","\t\t\t\ttop: '5px',","\t\t\t\tzIndex: this.settings.z_index + 2","\t\t\t});","\t\t},","\t\tstyleURL: function() {","\t\t\tthis.$ele.find('[data-notify=\"url\"]').css({","\t\t\t\tbackgroundImage: 'url(data:image/gif;base64,R0lGODlhAQABAIAAAAAAAP///yH5BAEAAAAALAAAAAABAAEAAAIBRAA7)',","\t\t\t\theight: '100%',","\t\t\t\tleft: '0px',","\t\t\t\tposition: 'absolute',","\t\t\t\ttop: '0px',","\t\t\t\twidth: '100%',","\t\t\t\tzIndex: this.settings.z_index + 1","\t\t\t});","\t\t},","\t\tplacement: function() {","\t\t\tvar self = this,","\t\t\t\toffsetAmt = this.settings.offset.y,","\t\t\t\tcss = {","\t\t\t\t\tdisplay: 'inline-block',","\t\t\t\t\tmargin: '0px auto',","\t\t\t\t\tposition: this.settings.position ?  this.settings.position : (this.settings.element === 'body' ? 'fixed' : 'absolute'),","\t\t\t\t\ttransition: 'all .5s ease-in-out',","\t\t\t\t\tzIndex: this.settings.z_index","\t\t\t\t},","\t\t\t\thasAnimation = false,","\t\t\t\tsettings = this.settings;","","\t\t\t$('[data-notify-position=\"' + this.settings.placement.from + '-' + this.settings.placement.align + '\"]:not([data-closing=\"true\"])').each(function() {","\t\t\t\treturn offsetAmt = Math.max(offsetAmt, parseInt($(this).css(settings.placement.from)) +  parseInt($(this).outerHeight()) +  parseInt(settings.spacing));","\t\t\t});","\t\t\tif (this.settings.newest_on_top == true) {","\t\t\t\toffsetAmt = this.settings.offset.y;","\t\t\t}","\t\t\tcss[this.settings.placement.from] = offsetAmt+'px';","","\t\t\tswitch (this.settings.placement.align) {","\t\t\t\tcase \"left\":","\t\t\t\tcase \"right\":","\t\t\t\t\tcss[this.settings.placement.align] = this.settings.offset.x+'px';","\t\t\t\t\tbreak;","\t\t\t\tcase \"center\":","\t\t\t\t\tcss.left = 0;","\t\t\t\t\tcss.right = 0;","\t\t\t\t\tbreak;","\t\t\t}","\t\t\tthis.$ele.css(css).addClass(this.settings.animate.enter);","\t\t\t$.each(Array('webkit-', 'moz-', 'o-', 'ms-', ''), function(index, prefix) {","\t\t\t\tself.$ele[0].style[prefix+'AnimationIterationCount'] = 1;","\t\t\t});","","\t\t\t$(this.settings.element).append(this.$ele);","","\t\t\tif (this.settings.newest_on_top == true) {","\t\t\t\toffsetAmt = (parseInt(offsetAmt)+parseInt(this.settings.spacing)) + this.$ele.outerHeight();","\t\t\t\tthis.reposition(offsetAmt);","\t\t\t}","","\t\t\tif ($.isFunction(self.settings.onShow)) {","\t\t\t\tself.settings.onShow.call(this.$ele);","\t\t\t}","","\t\t\tthis.$ele.one(this.animations.start, function(event) {","\t\t\t\thasAnimation = true;","\t\t\t}).one(this.animations.end, function(event) {","\t\t\t\tif ($.isFunction(self.settings.onShown)) {","\t\t\t\t\tself.settings.onShown.call(this);","\t\t\t\t}","\t\t\t});","","\t\t\tsetTimeout(function() {","\t\t\t\tif (!hasAnimation) {","\t\t\t\t\tif ($.isFunction(self.settings.onShown)) {","\t\t\t\t\t\tself.settings.onShown.call(this);","\t\t\t\t\t}","\t\t\t\t}","\t\t\t}, 600);","\t\t},","\t\tbind: function() {","\t\t\tvar self = this;","","\t\t\tthis.$ele.find('[data-notify=\"dismiss\"]').on('click', function() {","\t\t\t\tself.close();","\t\t\t})","","\t\t\tthis.$ele.mouseover(function(e) {","\t\t\t\t$(this).data('data-hover', \"true\");","\t\t\t}).mouseout(function(e) {","\t\t\t\t$(this).data('data-hover', \"false\");","\t\t\t});","\t\t\tthis.$ele.data('data-hover', \"false\");","","\t\t\tif (this.settings.delay > 0) {","\t\t\t\tself.$ele.data('notify-delay', self.settings.delay);","\t\t\t\tvar timer = setInterval(function() {","\t\t\t\t\tvar delay = parseInt(self.$ele.data('notify-delay')) - self.settings.timer;","\t\t\t\t\tif ((self.$ele.data('data-hover') === 'false' && self.settings.mouse_over == \"pause\") || self.settings.mouse_over != \"pause\") {","\t\t\t\t\t\tvar percent = ((self.settings.delay - delay) / self.settings.delay) * 100;","\t\t\t\t\t\tself.$ele.data('notify-delay', delay);","\t\t\t\t\t\tself.$ele.find('[data-notify=\"progressbar\"] > div').attr('aria-valuenow', percent).css('width', percent + '%');","\t\t\t\t\t}","\t\t\t\t\tif (delay <= -(self.settings.timer)) {","\t\t\t\t\t\tclearInterval(timer);","\t\t\t\t\t\tself.close();","\t\t\t\t\t}","\t\t\t\t}, self.settings.timer);","\t\t\t}","\t\t},","\t\tclose: function() {","\t\t\tvar self = this,","\t\t\t\t$successors = null,","\t\t\t\tposX = parseInt(this.$ele.css(this.settings.placement.from)),","\t\t\t\thasAnimation = false;","","\t\t\tthis.$ele.data('closing', 'true').addClass(this.settings.animate.exit);","\t\t\tself.reposition(posX);","","\t\t\tif ($.isFunction(self.settings.onClose)) {","\t\t\t\tself.settings.onClose.call(this.$ele);","\t\t\t}","","\t\t\tthis.$ele.one(this.animations.start, function(event) {","\t\t\t\thasAnimation = true;","\t\t\t}).one(this.animations.end, function(event) {","\t\t\t\t$(this).remove();","\t\t\t\tif ($.isFunction(self.settings.onClosed)) {","\t\t\t\t\tself.settings.onClosed.call(this);","\t\t\t\t}","\t\t\t});","","\t\t\tsetTimeout(function() {","\t\t\t\tif (!hasAnimation) {","\t\t\t\t\tself.$ele.remove();","\t\t\t\t\tif (self.settings.onClosed) {","\t\t\t\t\t\tself.settings.onClosed(self.$ele);","\t\t\t\t\t}","\t\t\t\t}","\t\t\t}, 600);","\t\t},","\t\treposition: function(posX) {","\t\t\tvar self = this,","\t\t\t\tnotifies = '[data-notify-position=\"' + this.settings.placement.from + '-' + this.settings.placement.align + '\"]:not([data-closing=\"true\"])',","\t\t\t\t$elements = this.$ele.nextAll(notifies);","\t\t\tif (this.settings.newest_on_top == true) {","\t\t\t\t$elements = this.$ele.prevAll(notifies);","\t\t\t}","\t\t\t$elements.each(function() {","\t\t\t\t$(this).css(self.settings.placement.from, posX);","\t\t\t\tposX = (parseInt(posX)+parseInt(self.settings.spacing)) + $(this).outerHeight();","\t\t\t});","\t\t}","\t});","","\t$.notify = function ( content, options ) {","\t\tvar plugin = new Notify( this, content, options );","\t\treturn plugin.notify;","\t};","\t$.notifyDefaults = function( options ) {","\t\tdefaults = $.extend(true, {}, defaults, options);","\t\treturn defaults;","\t};","\t$.notifyClose = function( command ) {","\t\tif (typeof command === \"undefined\" || command == \"all\") {","\t\t\t$('[data-notify]').find('[data-notify=\"dismiss\"]').trigger('click');","\t\t}else{","\t\t\t$('[data-notify-position=\"'+command+'\"]').find('[data-notify=\"dismiss\"]').trigger('click');","\t\t}","\t};","","}));",""],"l":{"8":2,"9":2,"11":0,"12":2,"14":2,"17":0,"21":0,"51":0,"52":0,"53":0,"54":0,"56":0,"59":1,"61":0,"71":0,"72":0,"73":0,"74":0,"75":0,"77":0,"82":0,"83":0,"89":0,"92":0,"94":0,"96":0,"97":0,"98":0,"100":0,"101":0,"103":0,"104":0,"105":0,"107":0,"110":0,"111":0,"112":0,"114":0,"116":0,"117":0,"119":0,"120":0,"121":0,"122":0,"123":0,"125":0,"126":0,"127":0,"129":0,"130":0,"132":0,"134":0,"136":0,"137":0,"138":0,"139":0,"141":0,"142":0,"144":0,"145":0,"147":0,"150":0,"151":0,"154":0,"159":0,"160":0,"161":0,"162":0,"163":0,"165":0,"166":0,"170":0,"171":0,"173":0,"174":0,"176":0,"181":0,"189":0,"200":0,"212":0,"213":0,"215":0,"216":0,"218":0,"220":0,"223":0,"224":0,"226":0,"227":0,"228":0,"230":0,"231":0,"232":0,"235":0,"237":0,"238":0,"239":0,"242":0,"243":0,"246":0,"247":0,"249":0,"250":0,"254":0,"255":0,"256":0,"257":0,"263":0,"265":0,"266":0,"269":0,"270":0,"272":0,"274":0,"276":0,"277":0,"278":0,"279":0,"280":0,"281":0,"282":0,"283":0,"285":0,"286":0,"287":0,"293":0,"298":0,"299":0,"301":0,"302":0,"305":0,"306":0,"308":0,"309":0,"310":0,"314":0,"315":0,"316":0,"317":0,"318":0,"324":0,"327":0,"328":0,"330":0,"331":0,"332":0,"337":0,"338":0,"339":0,"341":0,"342":0,"343":0,"345":0,"346":0,"347":0,"349":0}}}